Scanning home of Sander Visser
Scanning peak power 2024-11-12 20:00:00+01:00 - 2024-12-13 19:00:00+01:00...
Month peak power incl EV: 7.500000 at 2024-11-25 04:00:00+01:00
Month peak power incl EV: 8.493000 at 2024-12-11 03:00:00+01:00
Energy used 1490.769 kWh at total cost of 1101.583 SEK (excl VAT and surcharges)
Plus EV energy used 610.069 kWh at total cost of 157.655 SEK (excl VAT and surcharges)
Top ten peak power hours with EV charging excluded:
High cost peaks - weekdays 6 - 21
Peak of 5.007 kWh/h has occured at 2024-11-21 06:00:00+01:00
Peak of 4.680 kWh/h has occured at 2024-12-05 20:00:00+01:00
Peak of 4.627 kWh/h has occured at 2024-12-04 19:00:00+01:00
Peak of 4.580 kWh/h has occured at 2024-12-05 21:00:00+01:00
Peak of 4.412 kWh/h has occured at 2024-11-14 20:00:00+01:00
Peak of 4.381 kWh/h has occured at 2024-11-18 06:00:00+01:00
Peak of 4.258 kWh/h has occured at 2024-11-28 06:00:00+01:00
Peak of 4.091 kWh/h has occured at 2024-11-25 06:00:00+01:00
Peak of 4.028 kWh/h has occured at 2024-12-12 06:00:00+01:00
Peak of 3.979 kWh/h has occured at 2024-11-14 06:00:00+01:00
Low cost peaks:
Peak of 6.109 kWh/h has occured at 2024-11-21 03:00:00+01:00
Peak of 5.762 kWh/h has occured at 2024-11-22 03:00:00+01:00
Peak of 5.661 kWh/h has occured at 2024-12-06 02:00:00+01:00
Peak of 5.535 kWh/h has occured at 2024-11-20 03:00:00+01:00
Peak of 5.453 kWh/h has occured at 2024-11-23 04:00:00+01:00
Peak of 5.444 kWh/h has occured at 2024-12-04 00:00:00+01:00
Peak of 5.434 kWh/h has occured at 2024-12-06 03:00:00+01:00
Peak of 5.417 kWh/h has occured at 2024-11-22 01:00:00+01:00
Peak of 5.387 kWh/h has occured at 2024-12-12 03:00:00+01:00
Peak of 5.381 kWh/h has occured at 2024-12-05 03:00:00+01:00
Power use distribution with EV charging excluded:
 0- 1  Avg: 1.990 kWh/h. Peak: 5.444 kWh/h
 1- 2  Avg: 2.453 kWh/h. Peak: 5.417 kWh/h
 2- 3  Avg: 3.003 kWh/h. Peak: 5.661 kWh/h
 3- 4  Avg: 3.326 kWh/h. Peak: 6.109 kWh/h
 4- 5  Avg: 2.817 kWh/h. Peak: 5.453 kWh/h
 5- 6  Avg: 2.147 kWh/h. Peak: 5.161 kWh/h
 6- 7  Avg: 2.647 kWh/h. Peak: 5.078 kWh/h
 7- 8  Avg: 1.807 kWh/h. Peak: 4.879 kWh/h
 8- 9  Avg: 1.394 kWh/h. Peak: 3.656 kWh/h
 9-10  Avg: 1.256 kWh/h. Peak: 2.719 kWh/h
10-11  Avg: 1.187 kWh/h. Peak: 3.432 kWh/h
11-12  Avg: 1.267 kWh/h. Peak: 2.466 kWh/h
12-13  Avg: 1.348 kWh/h. Peak: 2.940 kWh/h
13-14  Avg: 1.652 kWh/h. Peak: 3.905 kWh/h
14-15  Avg: 1.584 kWh/h. Peak: 4.121 kWh/h
15-16  Avg: 1.677 kWh/h. Peak: 5.375 kWh/h
16-17  Avg: 1.754 kWh/h. Peak: 3.304 kWh/h
17-18  Avg: 2.093 kWh/h. Peak: 3.864 kWh/h
18-19  Avg: 1.931 kWh/h. Peak: 4.907 kWh/h
19-20  Avg: 2.486 kWh/h. Peak: 4.627 kWh/h
20-21  Avg: 2.484 kWh/h. Peak: 4.680 kWh/h
21-22  Avg: 2.441 kWh/h. Peak: 4.580 kWh/h
22-23  Avg: 1.704 kWh/h. Peak: 3.611 kWh/h
23-24  Avg: 1.722 kWh/h. Peak: 4.247 kWh/h
